<?xml version="1.0" encoding="UTF-8"?>
<!-- Generated by org.testng.reporters.JUnitReportReporter -->
<testsuite hostname="LIN77001089" failures="0" tests="4" name="unitTestCalculator.testCalculator" time="0.014" errors="0" timestamp="2022-01-10T12:26:11 IST" skipped="0">
  <testcase classname="unitTestCalculator.testCalculator" name="testAdd" time="0.011"/>
  <system-out/>
  <testcase classname="unitTestCalculator.testCalculator" name="testDivide" time="0.001"/>
  <system-out/>
  <testcase classname="unitTestCalculator.testCalculator" name="testSub" time="0.001"/>
  <system-out/>
  <testcase classname="unitTestCalculator.testCalculator" name="testMultiply" time="0.001"/>
  <system-out/>
</testsuite> <!-- unitTestCalculator.testCalculator -->
