<?xml version="1.0" encoding="UTF-8"?>
<!-- Generated by org.testng.reporters.JUnitReportReporter -->
<testsuite hostname="LIN77001089" failures="0" tests="12" name="unitTestCalculator.CalculatorTest" time="0.043" errors="0" timestamp="2022-01-12T10:59:11 IST" skipped="0">
  <testcase classname="unitTestCalculator.CalculatorTest" name="addTest" time="0.004"/>
  <system-out/>
  <testcase classname="unitTestCalculator.CalculatorTest" name="addTest" time="0.006"/>
  <system-out/>
  <testcase classname="unitTestCalculator.CalculatorTest" name="subTest" time="0.003"/>
  <system-out/>
  <testcase classname="unitTestCalculator.CalculatorTest" name="divideTest" time="0.003"/>
  <system-out/>
  <testcase classname="unitTestCalculator.CalculatorTest" name="addTest" time="0.011"/>
  <system-out/>
  <testcase classname="unitTestCalculator.CalculatorTest" name="productTest" time="0.003"/>
  <system-out/>
  <testcase classname="unitTestCalculator.CalculatorTest" name="addTest" time="0.001"/>
  <system-out/>
  <testcase classname="unitTestCalculator.CalculatorTest" name="subTest" time="0.003"/>
  <system-out/>
  <testcase classname="unitTestCalculator.CalculatorTest" name="productTest" time="0.002"/>
  <system-out/>
  <testcase classname="unitTestCalculator.CalculatorTest" name="divideTest" time="0.003"/>
  <system-out/>
  <testcase classname="unitTestCalculator.CalculatorTest" name="subTest" time="0.002"/>
  <system-out/>
  <testcase classname="unitTestCalculator.CalculatorTest" name="subTest" time="0.002"/>
  <system-out/>
</testsuite> <!-- unitTestCalculator.CalculatorTest -->
